#name "self.cool"
#1 OBJECTID self
#2 OBJECTID selF
#3 OBJECTID seLf
#4 OBJECTID seLF
#5 OBJECTID sElf
#6 OBJECTID sElF
#7 OBJECTID sELf
#8 OBJECTID sELF
#9 TYPEID Self
#10 TYPEID SelF
#11 TYPEID SeLf
#12 TYPEID SeLF
#13 TYPEID SElf
#14 TYPEID SElF
#15 TYPEID SELf
#16 TYPEID SELF
#18 OBJECTID self_type
#19 OBJECTID self_typE
#20 OBJECTID self_tyPe
#21 OBJECTID self_tyPE
#22 OBJECTID self_tYpe
#23 OBJECTID self_tYpE
#24 OBJECTID self_tYPe
#25 OBJECTID self_tYPE
#26 OBJECTID self_Type
#27 OBJECTID self_TypE
#28 OBJECTID self_TyPe
#29 OBJECTID self_TyPE
#30 OBJECTID self_TYpe
#31 OBJECTID self_TYpE
#32 OBJECTID self_TYPe
#33 OBJECTID self_TYPE
#34 OBJECTID selftype
#35 OBJECTID selftypE
#36 OBJECTID selftyPe
#37 OBJECTID selftyPE
#38 OBJECTID selftYpe
#39 OBJECTID selftYpE
#40 OBJECTID selftYPe
#41 OBJECTID selftYPE
#42 OBJECTID selfType
#43 OBJECTID selfTypE
#44 OBJECTID selfTyPe
#45 OBJECTID selfTyPE
#46 OBJECTID selfTYpe
#47 OBJECTID selfTYpE
#48 OBJECTID selfTYPe
#49 OBJECTID selfTYPE
#50 OBJECTID selF_type
#51 OBJECTID selF_typE
#52 OBJECTID selF_tyPe
#53 OBJECTID selF_tyPE
#54 OBJECTID selF_tYpe
#55 OBJECTID selF_tYpE
#56 OBJECTID selF_tYPe
#57 OBJECTID selF_tYPE
#58 OBJECTID selF_Type
#59 OBJECTID selF_TypE
#60 OBJECTID selF_TyPe
#61 OBJECTID selF_TyPE
#62 OBJECTID selF_TYpe
#63 OBJECTID selF_TYpE
#64 OBJECTID selF_TYPe
#65 OBJECTID selF_TYPE
#66 OBJECTID selFtype
#67 OBJECTID selFtypE
#68 OBJECTID selFtyPe
#69 OBJECTID selFtyPE
#70 OBJECTID selFtYpe
#71 OBJECTID selFtYpE
#72 OBJECTID selFtYPe
#73 OBJECTID selFtYPE
#74 OBJECTID selFType
#75 OBJECTID selFTypE
#76 OBJECTID selFTyPe
#77 OBJECTID selFTyPE
#78 OBJECTID selFTYpe
#79 OBJECTID selFTYpE
#80 OBJECTID selFTYPe
#81 OBJECTID selFTYPE
#82 OBJECTID seLf_type
#83 OBJECTID seLf_typE
#84 OBJECTID seLf_tyPe
#85 OBJECTID seLf_tyPE
#86 OBJECTID seLf_tYpe
#87 OBJECTID seLf_tYpE
#88 OBJECTID seLf_tYPe
#89 OBJECTID seLf_tYPE
#90 OBJECTID seLf_Type
#91 OBJECTID seLf_TypE
#92 OBJECTID seLf_TyPe
#93 OBJECTID seLf_TyPE
#94 OBJECTID seLf_TYpe
#95 OBJECTID seLf_TYpE
#96 OBJECTID seLf_TYPe
#97 OBJECTID seLf_TYPE
#98 OBJECTID seLftype
#99 OBJECTID seLftypE
#100 OBJECTID seLftyPe
#101 OBJECTID seLftyPE
#102 OBJECTID seLftYpe
#103 OBJECTID seLftYpE
#104 OBJECTID seLftYPe
#105 OBJECTID seLftYPE
#106 OBJECTID seLfType
#107 OBJECTID seLfTypE
#108 OBJECTID seLfTyPe
#109 OBJECTID seLfTyPE
#110 OBJECTID seLfTYpe
#111 OBJECTID seLfTYpE
#112 OBJECTID seLfTYPe
#113 OBJECTID seLfTYPE
#114 OBJECTID seLF_type
#115 OBJECTID seLF_typE
#116 OBJECTID seLF_tyPe
#117 OBJECTID seLF_tyPE
#118 OBJECTID seLF_tYpe
#119 OBJECTID seLF_tYpE
#120 OBJECTID seLF_tYPe
#121 OBJECTID seLF_tYPE
#122 OBJECTID seLF_Type
#123 OBJECTID seLF_TypE
#124 OBJECTID seLF_TyPe
#125 OBJECTID seLF_TyPE
#126 OBJECTID seLF_TYpe
#127 OBJECTID seLF_TYpE
#128 OBJECTID seLF_TYPe
#129 OBJECTID seLF_TYPE
#130 OBJECTID seLFtype
#131 OBJECTID seLFtypE
#132 OBJECTID seLFtyPe
#133 OBJECTID seLFtyPE
#134 OBJECTID seLFtYpe
#135 OBJECTID seLFtYpE
#136 OBJECTID seLFtYPe
#137 OBJECTID seLFtYPE
#138 OBJECTID seLFType
#139 OBJECTID seLFTypE
#140 OBJECTID seLFTyPe
#141 OBJECTID seLFTyPE
#142 OBJECTID seLFTYpe
#143 OBJECTID seLFTYpE
#144 OBJECTID seLFTYPe
#145 OBJECTID seLFTYPE
#146 OBJECTID sElf_type
#147 OBJECTID sElf_typE
#148 OBJECTID sElf_tyPe
#149 OBJECTID sElf_tyPE
#150 OBJECTID sElf_tYpe
#151 OBJECTID sElf_tYpE
#152 OBJECTID sElf_tYPe
#153 OBJECTID sElf_tYPE
#154 OBJECTID sElf_Type
#155 OBJECTID sElf_TypE
#156 OBJECTID sElf_TyPe
#157 OBJECTID sElf_TyPE
#158 OBJECTID sElf_TYpe
#159 OBJECTID sElf_TYpE
#160 OBJECTID sElf_TYPe
#161 OBJECTID sElf_TYPE
#162 OBJECTID sElftype
#163 OBJECTID sElftypE
#164 OBJECTID sElftyPe
#165 OBJECTID sElftyPE
#166 OBJECTID sElftYpe
#167 OBJECTID sElftYpE
#168 OBJECTID sElftYPe
#169 OBJECTID sElftYPE
#170 OBJECTID sElfType
#171 OBJECTID sElfTypE
#172 OBJECTID sElfTyPe
#173 OBJECTID sElfTyPE
#174 OBJECTID sElfTYpe
#175 OBJECTID sElfTYpE
#176 OBJECTID sElfTYPe
#177 OBJECTID sElfTYPE
#178 OBJECTID sElF_type
#179 OBJECTID sElF_typE
#180 OBJECTID sElF_tyPe
#181 OBJECTID sElF_tyPE
#182 OBJECTID sElF_tYpe
#183 OBJECTID sElF_tYpE
#184 OBJECTID sElF_tYPe
#185 OBJECTID sElF_tYPE
#186 OBJECTID sElF_Type
#187 OBJECTID sElF_TypE
#188 OBJECTID sElF_TyPe
#189 OBJECTID sElF_TyPE
#190 OBJECTID sElF_TYpe
#191 OBJECTID sElF_TYpE
#192 OBJECTID sElF_TYPe
#193 OBJECTID sElF_TYPE
#194 OBJECTID sElFtype
#195 OBJECTID sElFtypE
#196 OBJECTID sElFtyPe
#197 OBJECTID sElFtyPE
#198 OBJECTID sElFtYpe
#199 OBJECTID sElFtYpE
#200 OBJECTID sElFtYPe
#201 OBJECTID sElFtYPE
#202 OBJECTID sElFType
#203 OBJECTID sElFTypE
#204 OBJECTID sElFTyPe
#205 OBJECTID sElFTyPE
#206 OBJECTID sElFTYpe
#207 OBJECTID sElFTYpE
#208 OBJECTID sElFTYPe
#209 OBJECTID sElFTYPE
#210 OBJECTID sELf_type
#211 OBJECTID sELf_typE
#212 OBJECTID sELf_tyPe
#213 OBJECTID sELf_tyPE
#214 OBJECTID sELf_tYpe
#215 OBJECTID sELf_tYpE
#216 OBJECTID sELf_tYPe
#217 OBJECTID sELf_tYPE
#218 OBJECTID sELf_Type
#219 OBJECTID sELf_TypE
#220 OBJECTID sELf_TyPe
#221 OBJECTID sELf_TyPE
#222 OBJECTID sELf_TYpe
#223 OBJECTID sELf_TYpE
#224 OBJECTID sELf_TYPe
#225 OBJECTID sELf_TYPE
#226 OBJECTID sELftype
#227 OBJECTID sELftypE
#228 OBJECTID sELftyPe
#229 OBJECTID sELftyPE
#230 OBJECTID sELftYpe
#231 OBJECTID sELftYpE
#232 OBJECTID sELftYPe
#233 OBJECTID sELftYPE
#234 OBJECTID sELfType
#235 OBJECTID sELfTypE
#236 OBJECTID sELfTyPe
#237 OBJECTID sELfTyPE
#238 OBJECTID sELfTYpe
#239 OBJECTID sELfTYpE
#240 OBJECTID sELfTYPe
#241 OBJECTID sELfTYPE
#242 OBJECTID sELF_type
#243 OBJECTID sELF_typE
#244 OBJECTID sELF_tyPe
#245 OBJECTID sELF_tyPE
#246 OBJECTID sELF_tYpe
#247 OBJECTID sELF_tYpE
#248 OBJECTID sELF_tYPe
#249 OBJECTID sELF_tYPE
#250 OBJECTID sELF_Type
#251 OBJECTID sELF_TypE
#252 OBJECTID sELF_TyPe
#253 OBJECTID sELF_TyPE
#254 OBJECTID sELF_TYpe
#255 OBJECTID sELF_TYpE
#256 OBJECTID sELF_TYPe
#257 OBJECTID sELF_TYPE
#258 OBJECTID sELFtype
#259 OBJECTID sELFtypE
#260 OBJECTID sELFtyPe
#261 OBJECTID sELFtyPE
#262 OBJECTID sELFtYpe
#263 OBJECTID sELFtYpE
#264 OBJECTID sELFtYPe
#265 OBJECTID sELFtYPE
#266 OBJECTID sELFType
#267 OBJECTID sELFTypE
#268 OBJECTID sELFTyPe
#269 OBJECTID sELFTyPE
#270 OBJECTID sELFTYpe
#271 OBJECTID sELFTYpE
#272 OBJECTID sELFTYPe
#273 OBJECTID sELFTYPE
#274 TYPEID Self_type
#275 TYPEID Self_typE
#276 TYPEID Self_tyPe
#277 TYPEID Self_tyPE
#278 TYPEID Self_tYpe
#279 TYPEID Self_tYpE
#280 TYPEID Self_tYPe
#281 TYPEID Self_tYPE
#282 TYPEID Self_Type
#283 TYPEID Self_TypE
#284 TYPEID Self_TyPe
#285 TYPEID Self_TyPE
#286 TYPEID Self_TYpe
#287 TYPEID Self_TYpE
#288 TYPEID Self_TYPe
#289 TYPEID Self_TYPE
#290 TYPEID Selftype
#291 TYPEID SelftypE
#292 TYPEID SelftyPe
#293 TYPEID SelftyPE
#294 TYPEID SelftYpe
#295 TYPEID SelftYpE
#296 TYPEID SelftYPe
#297 TYPEID SelftYPE
#298 TYPEID SelfType
#299 TYPEID SelfTypE
#300 TYPEID SelfTyPe
#301 TYPEID SelfTyPE
#302 TYPEID SelfTYpe
#303 TYPEID SelfTYpE
#304 TYPEID SelfTYPe
#305 TYPEID SelfTYPE
#306 TYPEID SelF_type
#307 TYPEID SelF_typE
#308 TYPEID SelF_tyPe
#309 TYPEID SelF_tyPE
#310 TYPEID SelF_tYpe
#311 TYPEID SelF_tYpE
#312 TYPEID SelF_tYPe
#313 TYPEID SelF_tYPE
#314 TYPEID SelF_Type
#315 TYPEID SelF_TypE
#316 TYPEID SelF_TyPe
#317 TYPEID SelF_TyPE
#318 TYPEID SelF_TYpe
#319 TYPEID SelF_TYpE
#320 TYPEID SelF_TYPe
#321 TYPEID SelF_TYPE
#322 TYPEID SelFtype
#323 TYPEID SelFtypE
#324 TYPEID SelFtyPe
#325 TYPEID SelFtyPE
#326 TYPEID SelFtYpe
#327 TYPEID SelFtYpE
#328 TYPEID SelFtYPe
#329 TYPEID SelFtYPE
#330 TYPEID SelFType
#331 TYPEID SelFTypE
#332 TYPEID SelFTyPe
#333 TYPEID SelFTyPE
#334 TYPEID SelFTYpe
#335 TYPEID SelFTYpE
#336 TYPEID SelFTYPe
#337 TYPEID SelFTYPE
#338 TYPEID SeLf_type
#339 TYPEID SeLf_typE
#340 TYPEID SeLf_tyPe
#341 TYPEID SeLf_tyPE
#342 TYPEID SeLf_tYpe
#343 TYPEID SeLf_tYpE
#344 TYPEID SeLf_tYPe
#345 TYPEID SeLf_tYPE
#346 TYPEID SeLf_Type
#347 TYPEID SeLf_TypE
#348 TYPEID SeLf_TyPe
#349 TYPEID SeLf_TyPE
#350 TYPEID SeLf_TYpe
#351 TYPEID SeLf_TYpE
#352 TYPEID SeLf_TYPe
#353 TYPEID SeLf_TYPE
#354 TYPEID SeLftype
#355 TYPEID SeLftypE
#356 TYPEID SeLftyPe
#357 TYPEID SeLftyPE
#358 TYPEID SeLftYpe
#359 TYPEID SeLftYpE
#360 TYPEID SeLftYPe
#361 TYPEID SeLftYPE
#362 TYPEID SeLfType
#363 TYPEID SeLfTypE
#364 TYPEID SeLfTyPe
#365 TYPEID SeLfTyPE
#366 TYPEID SeLfTYpe
#367 TYPEID SeLfTYpE
#368 TYPEID SeLfTYPe
#369 TYPEID SeLfTYPE
#370 TYPEID SeLF_type
#371 TYPEID SeLF_typE
#372 TYPEID SeLF_tyPe
#373 TYPEID SeLF_tyPE
#374 TYPEID SeLF_tYpe
#375 TYPEID SeLF_tYpE
#376 TYPEID SeLF_tYPe
#377 TYPEID SeLF_tYPE
#378 TYPEID SeLF_Type
#379 TYPEID SeLF_TypE
#380 TYPEID SeLF_TyPe
#381 TYPEID SeLF_TyPE
#382 TYPEID SeLF_TYpe
#383 TYPEID SeLF_TYpE
#384 TYPEID SeLF_TYPe
#385 TYPEID SeLF_TYPE
#386 TYPEID SeLFtype
#387 TYPEID SeLFtypE
#388 TYPEID SeLFtyPe
#389 TYPEID SeLFtyPE
#390 TYPEID SeLFtYpe
#391 TYPEID SeLFtYpE
#392 TYPEID SeLFtYPe
#393 TYPEID SeLFtYPE
#394 TYPEID SeLFType
#395 TYPEID SeLFTypE
#396 TYPEID SeLFTyPe
#397 TYPEID SeLFTyPE
#398 TYPEID SeLFTYpe
#399 TYPEID SeLFTYpE
#400 TYPEID SeLFTYPe
#401 TYPEID SeLFTYPE
#402 TYPEID SElf_type
#403 TYPEID SElf_typE
#404 TYPEID SElf_tyPe
#405 TYPEID SElf_tyPE
#406 TYPEID SElf_tYpe
#407 TYPEID SElf_tYpE
#408 TYPEID SElf_tYPe
#409 TYPEID SElf_tYPE
#410 TYPEID SElf_Type
#411 TYPEID SElf_TypE
#412 TYPEID SElf_TyPe
#413 TYPEID SElf_TyPE
#414 TYPEID SElf_TYpe
#415 TYPEID SElf_TYpE
#416 TYPEID SElf_TYPe
#417 TYPEID SElf_TYPE
#418 TYPEID SElftype
#419 TYPEID SElftypE
#420 TYPEID SElftyPe
#421 TYPEID SElftyPE
#422 TYPEID SElftYpe
#423 TYPEID SElftYpE
#424 TYPEID SElftYPe
#425 TYPEID SElftYPE
#426 TYPEID SElfType
#427 TYPEID SElfTypE
#428 TYPEID SElfTyPe
#429 TYPEID SElfTyPE
#430 TYPEID SElfTYpe
#431 TYPEID SElfTYpE
#432 TYPEID SElfTYPe
#433 TYPEID SElfTYPE
#434 TYPEID SElF_type
#435 TYPEID SElF_typE
#436 TYPEID SElF_tyPe
#437 TYPEID SElF_tyPE
#438 TYPEID SElF_tYpe
#439 TYPEID SElF_tYpE
#440 TYPEID SElF_tYPe
#441 TYPEID SElF_tYPE
#442 TYPEID SElF_Type
#443 TYPEID SElF_TypE
#444 TYPEID SElF_TyPe
#445 TYPEID SElF_TyPE
#446 TYPEID SElF_TYpe
#447 TYPEID SElF_TYpE
#448 TYPEID SElF_TYPe
#449 TYPEID SElF_TYPE
#450 TYPEID SElFtype
#451 TYPEID SElFtypE
#452 TYPEID SElFtyPe
#453 TYPEID SElFtyPE
#454 TYPEID SElFtYpe
#455 TYPEID SElFtYpE
#456 TYPEID SElFtYPe
#457 TYPEID SElFtYPE
#458 TYPEID SElFType
#459 TYPEID SElFTypE
#460 TYPEID SElFTyPe
#461 TYPEID SElFTyPE
#462 TYPEID SElFTYpe
#463 TYPEID SElFTYpE
#464 TYPEID SElFTYPe
#465 TYPEID SElFTYPE
#466 TYPEID SELf_type
#467 TYPEID SELf_typE
#468 TYPEID SELf_tyPe
#469 TYPEID SELf_tyPE
#470 TYPEID SELf_tYpe
#471 TYPEID SELf_tYpE
#472 TYPEID SELf_tYPe
#473 TYPEID SELf_tYPE
#474 TYPEID SELf_Type
#475 TYPEID SELf_TypE
#476 TYPEID SELf_TyPe
#477 TYPEID SELf_TyPE
#478 TYPEID SELf_TYpe
#479 TYPEID SELf_TYpE
#480 TYPEID SELf_TYPe
#481 TYPEID SELf_TYPE
#482 TYPEID SELftype
#483 TYPEID SELftypE
#484 TYPEID SELftyPe
#485 TYPEID SELftyPE
#486 TYPEID SELftYpe
#487 TYPEID SELftYpE
#488 TYPEID SELftYPe
#489 TYPEID SELftYPE
#490 TYPEID SELfType
#491 TYPEID SELfTypE
#492 TYPEID SELfTyPe
#493 TYPEID SELfTyPE
#494 TYPEID SELfTYpe
#495 TYPEID SELfTYpE
#496 TYPEID SELfTYPe
#497 TYPEID SELfTYPE
#498 TYPEID SELF_type
#499 TYPEID SELF_typE
#500 TYPEID SELF_tyPe
#501 TYPEID SELF_tyPE
#502 TYPEID SELF_tYpe
#503 TYPEID SELF_tYpE
#504 TYPEID SELF_tYPe
#505 TYPEID SELF_tYPE
#506 TYPEID SELF_Type
#507 TYPEID SELF_TypE
#508 TYPEID SELF_TyPe
#509 TYPEID SELF_TyPE
#510 TYPEID SELF_TYpe
#511 TYPEID SELF_TYpE
#512 TYPEID SELF_TYPe
#513 TYPEID SELF_TYPE
#514 TYPEID SELFtype
#515 TYPEID SELFtypE
#516 TYPEID SELFtyPe
#517 TYPEID SELFtyPE
#518 TYPEID SELFtYpe
#519 TYPEID SELFtYpE
#520 TYPEID SELFtYPe
#521 TYPEID SELFtYPE
#522 TYPEID SELFType
#523 TYPEID SELFTypE
#524 TYPEID SELFTyPe
#525 TYPEID SELFTyPE
#526 TYPEID SELFTYpe
#527 TYPEID SELFTYpE
#528 TYPEID SELFTYPe
#529 TYPEID SELFTYPE
